A espera de conexoes!!!
Accepted connection from 0.0.0.0
Fechou a loja!!!!
client got the sizes!!!!!!!
A espera de conexoes!!!
Tudo enviado!!!!
Sending chunk of data to 0.0.0.0!!!!
client got the sizes!!!!!!!
Sending chunk of data to 0.0.0.0!!!!
client got the sizes!!!!!!!
Sending chunk of data to 0.0.0.0!!!!
client got the sizes!!!!!!!
Sending chunk of data to 0.0.0.0!!!!
client got the sizes!!!!!!!
Sending chunk of data to 0.0.0.0!!!!
client got the sizes!!!!!!!
Sending chunk of data to 0.0.0.0!!!!
client got the sizes!!!!!!!
A espera de conexoes!!!
Timed out!!!!!( more that 0s waiting). Trying again...
A espera de conexoes!!!
Timed out!!!!!( more that 0s waiting). Trying again...
A espera de conexoes!!!
Timed out!!!!!( more that 0s waiting). Trying again...
A espera de conexoes!!!
Timed out!!!!!( more that 0s waiting). Trying again...
A espera de conexoes!!!
Timed out!!!!!( more that 0s waiting). Trying again...
A espera de conexoes!!!
Timed out!!!!!( more that 0s waiting). Trying again...
A espera de conexoes!!!
Timed out!!!!!( more that 0s waiting). Trying again...
A espera de conexoes!!!
Timed out!!!!!( more that 0s waiting). Trying again...
A espera de conexoes!!!
Timed out!!!!!( more that 0s waiting). Trying again...
A espera de conexoes!!!
Timed out!!!!!( more that 0s waiting). Trying again...
A espera de conexoes!!!
Timed out!!!!!( more that 0s waiting). Trying again...
A espera de conexoes!!!
Timed out!!!!!( more that 0s waiting). Trying again...
